#
# There is insufficient memory for the Java Runtime Environment to continue.
# Native memory allocation (malloc) failed to allocate 227696 bytes. Error detail: Chunk::new
# Possible reasons:
#   The system is out of physical RAM or swap space
#   This process is running with CompressedOops enabled, and the Java Heap may be blocking the growth of the native heap
# Possible solutions:
#   Reduce memory load on the system
#   Increase physical memory or swap space
#   Check if swap backing store is full
#   Decrease Java heap size (-Xmx/-Xms)
#   Decrease number of Java threads
#   Decrease Java thread stack sizes (-Xss)
#   Set larger code cache with -XX:ReservedCodeCacheSize=
#   JVM is running with Unscaled Compressed Oops mode in which the Java heap is
#     placed in the first 4GB address space. The Java Heap base address is the
#     maximum limit for the native heap growth. Please use -XX:HeapBaseMinAddress
#     to set the Java Heap base and to place the Java Heap above 4GB virtual address.
# This output file may be truncated or incomplete.
#
#  Out of Memory Error (arena.cpp:168), pid=28820, tid=27096
#
# JRE version: OpenJDK Runtime Environment Temurin-21.0.9+10 (21.0.9+10) (build 21.0.9+10-LTS)
# Java VM: OpenJDK 64-Bit Server VM Temurin-21.0.9+10 (21.0.9+10-LTS, mixed mode, sharing, tiered, compressed oops, compressed class ptrs, parallel gc, windows-amd64)
# No core dump will be written. Minidumps are not enabled by default on client versions of Windows
#

---------------  S U M M A R Y ------------

Command Line: --add-modules=ALL-SYSTEM --add-opens=java.base/java.util=ALL-UNNAMED --add-opens=java.base/java.lang=ALL-UNNAMED --add-opens=java.base/sun.nio.fs=ALL-UNNAMED -Declipse.application=org.eclipse.jdt.ls.core.id1 -Dosgi.bundles.defaultStartLevel=4 -Declipse.product=org.eclipse.jdt.ls.core.product -Djava.import.generatesMetadataFilesAtProjectRoot=false -DDetectVMInstallationsJob.disabled=true -Dfile.encoding=utf8 -XX:+UseParallelGC -XX:GCTimeRatio=4 -XX:AdaptiveSizePolicyWeight=90 -Dsun.zip.disableMemoryMapping=true -Xmx2G -Xms100m -Xlog:disable -javaagent:c:\Users\user\.vscode\extensions\redhat.java-1.50.0-win32-x64\lombok\lombok-1.18.39-4050.jar -XX:+HeapDumpOnOutOfMemoryError -XX:HeapDumpPath=c:\Users\user\AppData\Roaming\Code\User\workspaceStorage\6b4ac8abc7a81a5612fff3f570660cc2\redhat.java -Daether.dependencyCollector.impl=bf c:\Users\user\.vscode\extensions\redhat.java-1.50.0-win32-x64\server\plugins\org.eclipse.equinox.launcher_1.7.100.v20251111-0406.jar -configuration c:\Users\user\AppData\Roaming\Code\User\globalStorage\redhat.java\1.50.0\config_win -data c:\Users\user\AppData\Roaming\Code\User\workspaceStorage\6b4ac8abc7a81a5612fff3f570660cc2\redhat.java\jdt_ws --pipe=\\.\pipe\lsp-893f89144bbc3e16808d3533e592d414-sock

Host: Intel(R) Core(TM) i5-10210U CPU @ 1.60GHz, 8 cores, 15G,  Windows 11 , 64 bit Build 26100 (10.0.26100.7309)
Time: Sat Jan  3 19:37:12 2026 FLE Standard Time elapsed time: 16.107451 seconds (0d 0h 0m 16s)

---------------  T H R E A D  ---------------

Current thread (0x00000214c95e9620):  JavaThread "C2 CompilerThread0" daemon [_thread_in_native, id=27096, stack(0x00000021e5a00000,0x00000021e5b00000) (1024K)]


Current CompileTask:
C2:16107 4371   !   4       org.eclipse.osgi.internal.loader.classpath.ClasspathManager::findClassImpl (328 bytes)

Stack: [0x00000021e5a00000,0x00000021e5b00000]
Native frames: (J=compiled Java code, j=interpreted, Vv=VM code, C=native code)
V  [jvm.dll+0x6d6e29]
V  [jvm.dll+0x8b4b76]
V  [jvm.dll+0x8b712e]
V  [jvm.dll+0x8b7813]
V  [jvm.dll+0x283d86]
V  [jvm.dll+0xc66ed]
V  [jvm.dll+0xc6c31]
V  [jvm.dll+0x5de601]
V  [jvm.dll+0x1e3b6b]
V  [jvm.dll+0x24c0f3]
V  [jvm.dll+0x24b580]
V  [jvm.dll+0x1cb13e]
V  [jvm.dll+0x25b29d]
V  [jvm.dll+0x25982a]
V  [jvm.dll+0x3f7ea6]
V  [jvm.dll+0x85e9ad]
V  [jvm.dll+0x6d565d]
C  [ucrtbase.dll+0x37b0]
C  [KERNEL32.DLL+0x2e8d7]
C  [ntdll.dll+0x8c53c]


---------------  P R O C E S S  ---------------

Threads class SMR info:
_java_thread_list=0x00000214e95bdfc0, length=40, elements={
0x00000214c72680a0, 0x00000214c95bbe10, 0x00000214c95bcd20, 0x00000214c95c2e40,
0x00000214c95c3e40, 0x00000214c95c9f50, 0x00000214c95cf750, 0x00000214c95e9620,
0x00000214c95ed2f0, 0x00000214e1ac9940, 0x00000214e1ac8c20, 0x00000214e1ac9fd0,
0x00000214e1ac8590, 0x00000214e1aca660, 0x00000214e1ac7f00, 0x00000214e1acacf0,
0x00000214e1acb380, 0x00000214e69cb290, 0x00000214e68a1e10, 0x00000214e68a24a0,
0x00000214e68a31c0, 0x00000214e68a2b30, 0x00000214e68a3850, 0x00000214e68a3ee0,
0x00000214e68a4570, 0x00000214e68a4c00, 0x00000214e68a1780, 0x00000214e68a5290,
0x00000214e68a8710, 0x00000214e68a7360, 0x00000214e68a79f0, 0x00000214e68a6640,
0x00000214e68a8080, 0x00000214e68a8da0, 0x00000214e68a5920, 0x00000214e8cce200,
0x00000214e68a5fb0, 0x00000214e68a6cd0, 0x00000214e814a290, 0x00000214e814c360
}

Java Threads: ( => current thread )
  0x00000214c72680a0 JavaThread "main"                              [_thread_blocked, id=2424, stack(0x00000021e5000000,0x00000021e5100000) (1024K)]
  0x00000214c95bbe10 JavaThread "Reference Handler"          daemon [_thread_blocked, id=23572, stack(0x00000021e5400000,0x00000021e5500000) (1024K)]
  0x00000214c95bcd20 JavaThread "Finalizer"                  daemon [_thread_blocked, id=15380, stack(0x00000021e5500000,0x00000021e5600000) (1024K)]
  0x00000214c95c2e40 JavaThread "Signal Dispatcher"          daemon [_thread_blocked, id=2168, stack(0x00000021e5600000,0x00000021e5700000) (1024K)]
  0x00000214c95c3e40 JavaThread "Attach Listener"            daemon [_thread_blocked, id=22356, stack(0x00000021e5700000,0x00000021e5800000) (1024K)]
  0x00000214c95c9f50 JavaThread "Service Thread"             daemon [_thread_blocked, id=18792, stack(0x00000021e5800000,0x00000021e5900000) (1024K)]
  0x00000214c95cf750 JavaThread "Monitor Deflation Thread"   daemon [_thread_blocked, id=20416, stack(0x00000021e5900000,0x00000021e5a00000) (1024K)]
=>0x00000214c95e9620 JavaThread "C2 CompilerThread0"         daemon [_thread_in_native, id=27096, stack(0x00000021e5a00000,0x00000021e5b00000) (1024K)]
  0x00000214c95ed2f0 JavaThread "C1 CompilerThread0"         daemon [_thread_in_native, id=5432, stack(0x00000021e5b00000,0x00000021e5c00000) (1024K)]
  0x00000214e1ac9940 JavaThread "Common-Cleaner"             daemon [_thread_blocked, id=18840, stack(0x00000021e5d00000,0x00000021e5e00000) (1024K)]
  0x00000214e1ac8c20 JavaThread "Notification Thread"        daemon [_thread_blocked, id=28096, stack(0x00000021e5e00000,0x00000021e5f00000) (1024K)]
  0x00000214e1ac9fd0 JavaThread "Active Thread: Equinox Container: d316b468-9dcc-4a56-aae2-4a5b448f5a93"        [_thread_blocked, id=18896, stack(0x00000021e6600000,0x00000021e6700000) (1024K)]
  0x00000214e1ac8590 JavaThread "Refresh Thread: Equinox Container: d316b468-9dcc-4a56-aae2-4a5b448f5a93" daemon [_thread_blocked, id=15168, stack(0x00000021e6700000,0x00000021e6800000) (1024K)]
  0x00000214e1aca660 JavaThread "Framework Event Dispatcher: Equinox Container: d316b468-9dcc-4a56-aae2-4a5b448f5a93" daemon [_thread_blocked, id=10844, stack(0x00000021e6900000,0x00000021e6a00000) (1024K)]
  0x00000214e1ac7f00 JavaThread "Start Level: Equinox Container: d316b468-9dcc-4a56-aae2-4a5b448f5a93" daemon [_thread_blocked, id=6844, stack(0x00000021e6a00000,0x00000021e6b00000) (1024K)]
  0x00000214e1acacf0 JavaThread "Bundle File Closer"         daemon [_thread_blocked, id=2644, stack(0x00000021e6b00000,0x00000021e6c00000) (1024K)]
  0x00000214e1acb380 JavaThread "SCR Component Actor"        daemon [_thread_blocked, id=23260, stack(0x00000021e5c00000,0x00000021e5d00000) (1024K)]
  0x00000214e69cb290 JavaThread "C2 CompilerThread1"         daemon [_thread_in_native, id=21192, stack(0x00000021e5f00000,0x00000021e6000000) (1024K)]
  0x00000214e68a1e10 JavaThread "Worker-JM"                         [_thread_blocked, id=144, stack(0x00000021e6c00000,0x00000021e6d00000) (1024K)]
  0x00000214e68a24a0 JavaThread "Worker-0: Repository registry initialization"        [_thread_blocked, id=10668, stack(0x00000021e6d00000,0x00000021e6e00000) (1024K)]
  0x00000214e68a31c0 JavaThread "Worker-1: Initialize After Load"        [_thread_blocked, id=14236, stack(0x00000021e6e00000,0x00000021e6f00000) (1024K)]
  0x00000214e68a2b30 JavaThread "Worker-2: Loading available Gradle versions"        [_thread_in_vm, id=16924, stack(0x00000021e6f00000,0x00000021e7000000) (1024K)]
  0x00000214e68a3850 JavaThread "Java indexing"              daemon [_thread_blocked, id=27140, stack(0x00000021e7000000,0x00000021e7100000) (1024K)]
  0x00000214e68a3ee0 JavaThread "JNA Cleaner"                daemon [_thread_blocked, id=20656, stack(0x00000021e7100000,0x00000021e7200000) (1024K)]
  0x00000214e68a4570 JavaThread "Worker-3: Updating Maven Dependencies"        [_thread_in_Java, id=4588, stack(0x00000021e7500000,0x00000021e7600000) (1024K)]
  0x00000214e68a4c00 JavaThread "Thread-1"                   daemon [_thread_in_native, id=28688, stack(0x00000021e7600000,0x00000021e7700000) (1024K)]
  0x00000214e68a1780 JavaThread "Thread-2"                   daemon [_thread_in_native, id=29448, stack(0x00000021e7700000,0x00000021e7800000) (1024K)]
  0x00000214e68a5290 JavaThread "Thread-3"                   daemon [_thread_in_native, id=20172, stack(0x00000021e7800000,0x00000021e7900000) (1024K)]
  0x00000214e68a8710 JavaThread "Thread-4"                   daemon [_thread_in_native, id=12828, stack(0x00000021e7900000,0x00000021e7a00000) (1024K)]
  0x00000214e68a7360 JavaThread "Thread-5"                   daemon [_thread_in_native, id=1836, stack(0x00000021e7a00000,0x00000021e7b00000) (1024K)]
  0x00000214e68a79f0 JavaThread "Thread-6"                   daemon [_thread_in_native, id=12600, stack(0x00000021e7b00000,0x00000021e7c00000) (1024K)]
  0x00000214e68a6640 JavaThread "Thread-7"                   daemon [_thread_in_native, id=16268, stack(0x00000021e7c00000,0x00000021e7d00000) (1024K)]
  0x00000214e68a8080 JavaThread "Thread-8"                   daemon [_thread_in_native, id=28120, stack(0x00000021e7d00000,0x00000021e7e00000) (1024K)]
  0x00000214e68a8da0 JavaThread "Thread-9"                   daemon [_thread_in_native, id=24988, stack(0x00000021e7e00000,0x00000021e7f00000) (1024K)]
  0x00000214e68a5920 JavaThread "pool-2-thread-1"                   [_thread_blocked, id=29520, stack(0x00000021e7f00000,0x00000021e8000000) (1024K)]
  0x00000214e8cce200 JavaThread "C2 CompilerThread2"         daemon [_thread_in_native, id=2324, stack(0x00000021e8000000,0x00000021e8100000) (1024K)]
  0x00000214e68a5fb0 JavaThread "Worker-4"                          [_thread_blocked, id=26204, stack(0x00000021e8100000,0x00000021e8200000) (1024K)]
  0x00000214e68a6cd0 JavaThread "WorkspaceEventsHandler"            [_thread_blocked, id=21220, stack(0x00000021e8300000,0x00000021e8400000) (1024K)]
  0x00000214e814a290 JavaThread "pool-1-thread-1"                   [_thread_blocked, id=14380, stack(0x00000021e8400000,0x00000021e8500000) (1024K)]
  0x00000214e814c360 JavaThread "Worker-5"                          [_thread_blocked, id=19100, stack(0x00000021e8500000,0x00000021e8600000) (1024K)]
Total: 40

Other Threads:
  0x00000214c95a29f0 VMThread "VM Thread"                           [id=10100, stack(0x00000021e5300000,0x00000021e5400000) (1024K)]
  0x00000214c94dca00 WatcherThread "VM Periodic Task Thread"        [id=27068, stack(0x00000021e5200000,0x00000021e5300000) (1024K)]
  0x00000214c966aad0 WorkerThread "GC Thread#0"                     [id=2956, stack(0x00000021e5100000,0x00000021e5200000) (1024K)]
  0x00000214e6495680 WorkerThread "GC Thread#1"                     [id=13596, stack(0x00000021e6000000,0x00000021e6100000) (1024K)]
  0x00000214e6495a20 WorkerThread "GC Thread#2"                     [id=8584, stack(0x00000021e6100000,0x00000021e6200000) (1024K)]
  0x00000214e67c8ca0 WorkerThread "GC Thread#3"                     [id=18356, stack(0x00000021e6200000,0x00000021e6300000) (1024K)]
  0x00000214e67c9040 WorkerThread "GC Thread#4"                     [id=2656, stack(0x00000021e6300000,0x00000021e6400000) (1024K)]
  0x00000214e67c93e0 WorkerThread "GC Thread#5"                     [id=29368, stack(0x00000021e6400000,0x00000021e6500000) (1024K)]
  0x00000214e6163a30 WorkerThread "GC Thread#6"                     [id=25816, stack(0x00000021e6500000,0x00000021e6600000) (1024K)]
  0x00000214e694fcb0 WorkerThread "GC Thread#7"                     [id=28880, stack(0x00000021e6800000,0x00000021e6900000) (1024K)]
Total: 10

Threads with active compile tasks:
C2 CompilerThread0  16157 4371   !   4       org.eclipse.osgi.internal.loader.classpath.ClasspathManager::findClassImpl (328 bytes)
C2 CompilerThread1  16158 4948       4       sun.nio.cs.StreamDecoder::implRead (232 bytes)
C2 CompilerThread2  16158 5252       4       sun.security.provider.SHA2::implCompress0 (448 bytes)
Total: 3

VM state: not at safepoint (normal execution)

VM Mutex/Monitor currently owned by a thread: None

Heap address: 0x0000000080000000, size: 2048 MB, Compressed Oops mode: 32-bit

CDS archive(s) mapped at: [0x0000021480000000-0x0000021480ba0000-0x0000021480ba0000), size 12189696, SharedBaseAddress: 0x0000021480000000, ArchiveRelocationMode: 1.
Compressed class space mapped at: 0x0000021481000000-0x00000214c1000000, reserved size: 1073741824
Narrow klass base: 0x0000021480000000, Narrow klass shift: 0, Narrow klass range: 0x100000000

GC Precious Log:
 CardTable entry size: 512
 CPUs: 8 total, 8 available
 Memory: 16205M
 Large Page Support: Disabled
 NUMA Support: Disabled
 Compressed Oops: Enabled (32-bit)
 Alignments: Space 512K, Generation 512K, Heap 2M
 Heap Min Capacity: 100M
 Heap Initial Capacity: 100M
 Heap Max Capacity: 2G
 Pre-touch: Disabled
 Parallel Workers: 8

Heap:
 PSYoungGen      total 23552K, used 18698K [0x00000000d5580000, 0x00000000d6f00000, 0x0000000100000000)
  eden space 22016K, 81% used [0x00000000d5580000,0x00000000d66fa800,0x00000000d6b00000)
  from space 1536K, 52% used [0x00000000d6c80000,0x00000000d6d48000,0x00000000d6e00000)
  to   space 1024K, 0% used [0x00000000d6e00000,0x00000000d6e00000,0x00000000d6f00000)
 ParOldGen       total 68608K, used 19781K [0x0000000080000000, 0x0000000084300000, 0x00000000d5580000)
  object space 68608K, 28% used [0x0000000080000000,0x00000000813515c0,0x0000000084300000)
 Metaspace       used 41115K, committed 42112K, reserved 1114112K
  class space    used 4399K, committed 4800K, reserved 1048576K

Card table byte_map: [0x00000214c8ff0000,0x00000214c9400000] _byte_map_base: 0x00000214c8bf0000

Marking Bits: (ParMarkBitMap*) 0x00007ff9b32d2460
 Begin Bits: [0x00000214dbb00000, 0x00000214ddb00000)
 End Bits:   [0x00000214ddb00000, 0x00000214dfb00000)

Polling page: 0x00000214c76d0000

Metaspace:

Usage:
  Non-class:     35.86 MB used.
      Class:      4.30 MB used.
       Both:     40.15 MB used.

Virtual space:
  Non-class space:       64.00 MB reserved,      36.44 MB ( 57%) committed,  1 nodes.
      Class space:        1.00 GB reserved,       4.69 MB ( <1%) committed,  1 nodes.
             Both:        1.06 GB reserved,      41.12 MB (  4%) committed. 

Chunk freelists:
   Non-Class:  11.41 MB
       Class:  11.25 MB
        Both:  22.66 MB

MaxMetaspaceSize: unlimited
CompressedClassSpaceSize: 1.00 GB
Initial GC threshold: 21.00 MB
Current GC threshold: 58.38 MB
CDS: on
 - commit_granule_bytes: 65536.
 - commit_granule_words: 8192.
 - virtual_space_node_default_size: 8388608.
 - enlarge_chunks_in_place: 1.
 - use_allocation_guard: 0.


Internal statistics:

num_allocs_failed_limit: 6.
num_arena_births: 730.
num_arena_deaths: 14.
num_vsnodes_births: 2.
num_vsnodes_deaths: 0.
num_space_committed: 658.
num_space_uncommitted: 0.
num_chunks_returned_to_freelist: 20.
num_chunks_taken_from_freelist: 2255.
num_chunk_merges: 10.
num_chunk_splits: 1435.
num_chunks_enlarged: 884.
num_inconsistent_stats: 0.

CodeHeap 'non-profiled nmethods': size=120000Kb used=2037Kb max_used=2235Kb free=117963Kb
 bounds [0x00000214d4320000, 0x00000214d4590000, 0x00000214db850000]
CodeHeap 'profiled nmethods': size=120000Kb used=9332Kb max_used=9595Kb free=110667Kb
 bounds [0x00000214cc850000, 0x00000214cd1b0000, 0x00000214d3d80000]
CodeHeap 'non-nmethods': size=5760Kb used=1396Kb max_used=1449Kb free=4363Kb
 bounds [0x00000214d3d80000, 0x00000214d3ff0000, 0x00000214d4320000]
CodeCache: size=245760Kb, used=12765Kb, max_used=13279Kb, free=232993Kb
 total_blobs=5324, nmethods=4631, adapters=599, full_count=0
Compilation: enabled, stopped_count=0, restarted_count=0

Compilation events (20 events):
Event: 14.090 Thread 0x00000214c95ed2f0 nmethod 5236 0x00000214cca74290 code [0x00000214cca74440, 0x00000214cca74898]
Event: 14.091 Thread 0x00000214c95ed2f0 5241       2       sun.reflect.annotation.AnnotationInvocationHandler::<init> (71 bytes)
Event: 14.092 Thread 0x00000214c95ed2f0 nmethod 5241 0x00000214cca73990 code [0x00000214cca73ba0, 0x00000214cca73ff0]
Event: 14.093 Thread 0x00000214c95ed2f0 5242       2       java.lang.Class::isUnnamedClass (36 bytes)
Event: 14.093 Thread 0x00000214c95ed2f0 nmethod 5242 0x00000214cca73690 code [0x00000214cca73820, 0x00000214cca73928]
Event: 14.093 Thread 0x00000214c95ed2f0 5243       2       com.google.common.cache.LocalCache::refreshes (15 bytes)
Event: 14.093 Thread 0x00000214c95ed2f0 nmethod 5243 0x00000214cca73310 code [0x00000214cca734a0, 0x00000214cca735c8]
Event: 14.094 Thread 0x00000214c95ed2f0 5244       3       sun.security.util.math.intpoly.IntegerPolynomial25519::square (613 bytes)
Event: 14.095 Thread 0x00000214c95ed2f0 nmethod 5244 0x00000214cca72690 code [0x00000214cca72860, 0x00000214cca730c8]
Event: 14.095 Thread 0x00000214c95ed2f0 5245       3       java.math.BigInteger::testBit (38 bytes)
Event: 14.095 Thread 0x00000214c95ed2f0 nmethod 5245 0x00000214ccd21f10 code [0x00000214ccd220e0, 0x00000214ccd22390]
Event: 14.096 Thread 0x00000214e8cce200 nmethod 4806 0x00000214d434d810 code [0x00000214d434d9a0, 0x00000214d434dbb0]
Event: 14.096 Thread 0x00000214c95ed2f0 5246       2       com.google.common.cache.LocalCache::recordsAccess (5 bytes)
Event: 14.096 Thread 0x00000214e8cce200 4794       4       sun.security.util.math.intpoly.IntegerPolynomial$MutableElement::setDifference (153 bytes)
Event: 14.096 Thread 0x00000214c95ed2f0 nmethod 5246 0x00000214cca72190 code [0x00000214cca72320, 0x00000214cca72450]
Event: 14.096 Thread 0x00000214c95ed2f0 5247       3       org.eclipse.osgi.internal.loader.classpath.ClasspathEntry::findResource (65 bytes)
Event: 14.096 Thread 0x00000214c95ed2f0 nmethod 5247 0x00000214ccd21390 code [0x00000214ccd215a0, 0x00000214ccd21cc0]
Event: 14.096 Thread 0x00000214e69cb290 nmethod 5182% 0x00000214d4361e90 code [0x00000214d4362040, 0x00000214d4362988]
Event: 14.097 Thread 0x00000214e69cb290 4800       4       sun.security.util.math.intpoly.IntegerPolynomial$MutableElement::setSum (153 bytes)
Event: 14.246 Thread 0x00000214c95ed2f0 5248       2       org.eclipse.core.runtime.Assert::isLegal (15 bytes)

GC Heap History (20 events):
Event: 9.465 GC heap before
{Heap before GC invocations=8 (full 0):
 PSYoungGen      total 29184K, used 8092K [0x00000000d5580000, 0x00000000d7b00000, 0x0000000100000000)
  eden space 24064K, 12% used [0x00000000d5580000,0x00000000d586da38,0x00000000d6d00000)
  from space 5120K, 99% used [0x00000000d6d80000,0x00000000d72798e0,0x00000000d7280000)
  to   space 7168K, 0% used [0x00000000d7400000,0x00000000d7400000,0x00000000d7b00000)
 ParOldGen       total 68608K, used 9814K [0x0000000080000000, 0x0000000084300000, 0x00000000d5580000)
  object space 68608K, 14% used [0x0000000080000000,0x0000000080995a70,0x0000000084300000)
 Metaspace       used 20773K, committed 21504K, reserved 1114112K
  class space    used 2146K, committed 2496K, reserved 1048576K
}
Event: 9.467 GC heap after
{Heap after GC invocations=8 (full 0):
 PSYoungGen      total 29696K, used 5349K [0x00000000d5580000, 0x00000000d7980000, 0x0000000100000000)
  eden space 24064K, 0% used [0x00000000d5580000,0x00000000d5580000,0x00000000d6d00000)
  from space 5632K, 94% used [0x00000000d7400000,0x00000000d7939688,0x00000000d7980000)
  to   space 6144K, 0% used [0x00000000d6d80000,0x00000000d6d80000,0x00000000d7380000)
 ParOldGen       total 68608K, used 10123K [0x0000000080000000, 0x0000000084300000, 0x00000000d5580000)
  object space 68608K, 14% used [0x0000000080000000,0x00000000809e2fc0,0x0000000084300000)
 Metaspace       used 20773K, committed 21504K, reserved 1114112K
  class space    used 2146K, committed 2496K, reserved 1048576K
}
Event: 9.467 GC heap before
{Heap before GC invocations=9 (full 1):
 PSYoungGen      total 29696K, used 5349K [0x00000000d5580000, 0x00000000d7980000, 0x0000000100000000)
  eden space 24064K, 0% used [0x00000000d5580000,0x00000000d5580000,0x00000000d6d00000)
  from space 5632K, 94% used [0x00000000d7400000,0x00000000d7939688,0x00000000d7980000)
  to   space 6144K, 0% used [0x00000000d6d80000,0x00000000d6d80000,0x00000000d7380000)
 ParOldGen       total 68608K, used 10123K [0x0000000080000000, 0x0000000084300000, 0x00000000d5580000)
  object space 68608K, 14% used [0x0000000080000000,0x00000000809e2fc0,0x0000000084300000)
 Metaspace       used 20773K, committed 21504K, reserved 1114112K
  class space    used 2146K, committed 2496K, reserved 1048576K
}
Event: 9.495 GC heap after
{Heap after GC invocations=9 (full 1):
 PSYoungGen      total 29696K, used 0K [0x00000000d5580000, 0x00000000d7980000, 0x0000000100000000)
  eden space 24064K, 0% used [0x00000000d5580000,0x00000000d5580000,0x00000000d6d00000)
  from space 5632K, 0% used [0x00000000d7400000,0x00000000d7400000,0x00000000d7980000)
  to   space 6144K, 0% used [0x00000000d6d80000,0x00000000d6d80000,0x00000000d7380000)
 ParOldGen       total 68608K, used 14272K [0x0000000080000000, 0x0000000084300000, 0x00000000d5580000)
  object space 68608K, 20% used [0x0000000080000000,0x0000000080df0018,0x0000000084300000)
 Metaspace       used 20760K, committed 21504K, reserved 1114112K
  class space    used 2143K, committed 2496K, reserved 1048576K
}
Event: 9.664 GC heap before
{Heap before GC invocations=10 (full 1):
 PSYoungGen      total 29696K, used 24064K [0x00000000d5580000, 0x00000000d7980000, 0x0000000100000000)
  eden space 24064K, 100% used [0x00000000d5580000,0x00000000d6d00000,0x00000000d6d00000)
  from space 5632K, 0% used [0x00000000d7400000,0x00000000d7400000,0x00000000d7980000)
  to   space 6144K, 0% used [0x00000000d6d80000,0x00000000d6d80000,0x00000000d7380000)
 ParOldGen       total 68608K, used 14272K [0x0000000080000000, 0x0000000084300000, 0x00000000d5580000)
  object space 68608K, 20% used [0x0000000080000000,0x0000000080df0018,0x0000000084300000)
 Metaspace       used 24020K, committed 24896K, reserved 1114112K
  class space    used 2390K, committed 2816K, reserved 1048576K
}
Event: 9.665 GC heap after
{Heap after GC invocations=10 (full 1):
 PSYoungGen      total 24576K, used 931K [0x00000000d5580000, 0x00000000d7480000, 0x0000000100000000)
  eden space 23552K, 0% used [0x00000000d5580000,0x00000000d5580000,0x00000000d6c80000)
  from space 1024K, 90% used [0x00000000d6d80000,0x00000000d6e68e18,0x00000000d6e80000)
  to   space 3072K, 0% used [0x00000000d7180000,0x00000000d7180000,0x00000000d7480000)
 ParOldGen       total 68608K, used 14272K [0x0000000080000000, 0x0000000084300000, 0x00000000d5580000)
  object space 68608K, 20% used [0x0000000080000000,0x0000000080df0018,0x0000000084300000)
 Metaspace       used 24020K, committed 24896K, reserved 1114112K
  class space    used 2390K, committed 2816K, reserved 1048576K
}
Event: 9.792 GC heap before
{Heap before GC invocations=11 (full 1):
 PSYoungGen      total 24576K, used 24483K [0x00000000d5580000, 0x00000000d7480000, 0x0000000100000000)
  eden space 23552K, 100% used [0x00000000d5580000,0x00000000d6c80000,0x00000000d6c80000)
  from space 1024K, 90% used [0x00000000d6d80000,0x00000000d6e68e18,0x00000000d6e80000)
  to   space 3072K, 0% used [0x00000000d7180000,0x00000000d7180000,0x00000000d7480000)
 ParOldGen       total 68608K, used 14272K [0x0000000080000000, 0x0000000084300000, 0x00000000d5580000)
  object space 68608K, 20% used [0x0000000080000000,0x0000000080df0018,0x0000000084300000)
 Metaspace       used 25340K, committed 26176K, reserved 1114112K
  class space    used 2467K, committed 2880K, reserved 1048576K
}
Event: 9.793 GC heap after
{Heap after GC invocations=11 (full 1):
 PSYoungGen      total 26112K, used 2985K [0x00000000d5580000, 0x00000000d7480000, 0x0000000100000000)
  eden space 23040K, 0% used [0x00000000d5580000,0x00000000d5580000,0x00000000d6c00000)
  from space 3072K, 97% used [0x00000000d7180000,0x00000000d746a7b0,0x00000000d7480000)
  to   space 3584K, 0% used [0x00000000d6d80000,0x00000000d6d80000,0x00000000d7100000)
 ParOldGen       total 68608K, used 14272K [0x0000000080000000, 0x0000000084300000, 0x00000000d5580000)
  object space 68608K, 20% used [0x0000000080000000,0x0000000080df0018,0x0000000084300000)
 Metaspace       used 25340K, committed 26176K, reserved 1114112K
  class space    used 2467K, committed 2880K, reserved 1048576K
}
Event: 10.187 GC heap before
{Heap before GC invocations=12 (full 1):
 PSYoungGen      total 26112K, used 26025K [0x00000000d5580000, 0x00000000d7480000, 0x0000000100000000)
  eden space 23040K, 100% used [0x00000000d5580000,0x00000000d6c00000,0x00000000d6c00000)
  from space 3072K, 97% used [0x00000000d7180000,0x00000000d746a7b0,0x00000000d7480000)
  to   space 3584K, 0% used [0x00000000d6d80000,0x00000000d6d80000,0x00000000d7100000)
 ParOldGen       total 68608K, used 14272K [0x0000000080000000, 0x0000000084300000, 0x00000000d5580000)
  object space 68608K, 20% used [0x0000000080000000,0x0000000080df0018,0x0000000084300000)
 Metaspace       used 29116K, committed 30080K, reserved 1114112K
  class space    used 2859K, committed 3264K, reserved 1048576K
}
Event: 10.190 GC heap after
{Heap after GC invocations=12 (full 1):
 PSYoungGen      total 25088K, used 2079K [0x00000000d5580000, 0x00000000d7200000, 0x0000000100000000)
  eden space 22528K, 0% used [0x00000000d5580000,0x00000000d5580000,0x00000000d6b80000)
  from space 2560K, 81% used [0x00000000d6d80000,0x00000000d6f87d28,0x00000000d7000000)
  to   space 2048K, 0% used [0x00000000d7000000,0x00000000d7000000,0x00000000d7200000)
 ParOldGen       total 68608K, used 16790K [0x0000000080000000, 0x0000000084300000, 0x00000000d5580000)
  object space 68608K, 24% used [0x0000000080000000,0x00000000810659e8,0x0000000084300000)
 Metaspace       used 29116K, committed 30080K, reserved 1114112K
  class space    used 2859K, committed 3264K, reserved 1048576K
}
Event: 10.336 GC heap before
{Heap before GC invocations=13 (full 1):
 PSYoungGen      total 25088K, used 24607K [0x00000000d5580000, 0x00000000d7200000, 0x0000000100000000)
  eden space 22528K, 100% used [0x00000000d5580000,0x00000000d6b80000,0x00000000d6b80000)
  from space 2560K, 81% used [0x00000000d6d80000,0x00000000d6f87d28,0x00000000d7000000)
  to   space 2048K, 0% used [0x00000000d7000000,0x00000000d7000000,0x00000000d7200000)
 ParOldGen       total 68608K, used 16790K [0x0000000080000000, 0x0000000084300000, 0x00000000d5580000)
  object space 68608K, 24% used [0x0000000080000000,0x00000000810659e8,0x0000000084300000)
 Metaspace       used 32319K, committed 33408K, reserved 1114112K
  class space    used 3228K, committed 3712K, reserved 1048576K
}
Event: 10.339 GC heap after
{Heap after GC invocations=13 (full 1):
 PSYoungGen      total 24064K, used 2039K [0x00000000d5580000, 0x00000000d7200000, 0x0000000100000000)
  eden space 22016K, 0% used [0x00000000d5580000,0x00000000d5580000,0x00000000d6b00000)
  from space 2048K, 99% used [0x00000000d7000000,0x00000000d71fdca8,0x00000000d7200000)
  to   space 2560K, 0% used [0x00000000d6d00000,0x00000000d6d00000,0x00000000d6f80000)
 ParOldGen       total 68608K, used 20578K [0x0000000080000000, 0x0000000084300000, 0x00000000d5580000)
  object space 68608K, 29% used [0x0000000080000000,0x0000000081418af0,0x0000000084300000)
 Metaspace       used 32319K, committed 33408K, reserved 1114112K
  class space    used 3228K, committed 3712K, reserved 1048576K
}
Event: 10.477 GC heap before
{Heap before GC invocations=14 (full 1):
 PSYoungGen      total 24064K, used 22476K [0x00000000d5580000, 0x00000000d7200000, 0x0000000100000000)
  eden space 22016K, 92% used [0x00000000d5580000,0x00000000d6975698,0x00000000d6b00000)
  from space 2048K, 99% used [0x00000000d7000000,0x00000000d71fdca8,0x00000000d7200000)
  to   space 2560K, 0% used [0x00000000d6d00000,0x00000000d6d00000,0x00000000d6f80000)
 ParOldGen       total 68608K, used 20578K [0x0000000080000000, 0x0000000084300000, 0x00000000d5580000)
  object space 68608K, 29% used [0x0000000080000000,0x0000000081418af0,0x0000000084300000)
 Metaspace       used 34841K, committed 35840K, reserved 1114112K
  class space    used 3558K, committed 4032K, reserved 1048576K
}
Event: 10.480 GC heap after
{Heap after GC invocations=14 (full 1):
 PSYoungGen      total 23552K, used 1536K [0x00000000d5580000, 0x00000000d7080000, 0x0000000100000000)
  eden space 22016K, 0% used [0x00000000d5580000,0x00000000d5580000,0x00000000d6b00000)
  from space 1536K, 100% used [0x00000000d6d00000,0x00000000d6e80000,0x00000000d6e80000)
  to   space 2048K, 0% used [0x00000000d6e80000,0x00000000d6e80000,0x00000000d7080000)
 ParOldGen       total 68608K, used 22069K [0x0000000080000000, 0x0000000084300000, 0x00000000d5580000)
  object space 68608K, 32% used [0x0000000080000000,0x000000008158d428,0x0000000084300000)
 Metaspace       used 34841K, committed 35840K, reserved 1114112K
  class space    used 3558K, committed 4032K, reserved 1048576K
}
Event: 10.480 GC heap before
{Heap before GC invocations=15 (full 2):
 PSYoungGen      total 23552K, used 1536K [0x00000000d5580000, 0x00000000d7080000, 0x0000000100000000)
  eden space 22016K, 0% used [0x00000000d5580000,0x00000000d5580000,0x00000000d6b00000)
  from space 1536K, 100% used [0x00000000d6d00000,0x00000000d6e80000,0x00000000d6e80000)
  to   space 2048K, 0% used [0x00000000d6e80000,0x00000000d6e80000,0x00000000d7080000)
 ParOldGen       total 68608K, used 22069K [0x0000000080000000, 0x0000000084300000, 0x00000000d5580000)
  object space 68608K, 32% used [0x0000000080000000,0x000000008158d428,0x0000000084300000)
 Metaspace       used 34841K, committed 35840K, reserved 1114112K
  class space    used 3558K, committed 4032K, reserved 1048576K
}
Event: 10.505 GC heap after
{Heap after GC invocations=15 (full 2):
 PSYoungGen      total 23552K, used 0K [0x00000000d5580000, 0x00000000d7080000, 0x0000000100000000)
  eden space 22016K, 0% used [0x00000000d5580000,0x00000000d5580000,0x00000000d6b00000)
  from space 1536K, 0% used [0x00000000d6d00000,0x00000000d6d00000,0x00000000d6e80000)
  to   space 2048K, 0% used [0x00000000d6e80000,0x00000000d6e80000,0x00000000d7080000)
 ParOldGen       total 68608K, used 19026K [0x0000000080000000, 0x0000000084300000, 0x00000000d5580000)
  object space 68608K, 27% used [0x0000000080000000,0x0000000081294a68,0x0000000084300000)
 Metaspace       used 34841K, committed 35840K, reserved 1114112K
  class space    used 3558K, committed 4032K, reserved 1048576K
}
Event: 10.633 GC heap before
{Heap before GC invocations=16 (full 2):
 PSYoungGen      total 23552K, used 22016K [0x00000000d5580000, 0x00000000d7080000, 0x0000000100000000)
  eden space 22016K, 100% used [0x00000000d5580000,0x00000000d6b00000,0x00000000d6b00000)
  from space 1536K, 0% used [0x00000000d6d00000,0x00000000d6d00000,0x00000000d6e80000)
  to   space 2048K, 0% used [0x00000000d6e80000,0x00000000d6e80000,0x00000000d7080000)
 ParOldGen       total 68608K, used 19026K [0x0000000080000000, 0x0000000084300000, 0x00000000d5580000)
  object space 68608K, 27% used [0x0000000080000000,0x0000000081294a68,0x0000000084300000)
 Metaspace       used 37980K, committed 39104K, reserved 1114112K
  class space    used 4006K, committed 4480K, reserved 1048576K
}
Event: 10.635 GC heap after
{Heap after GC invocations=16 (full 2):
 PSYoungGen      total 23040K, used 873K [0x00000000d5580000, 0x00000000d6f80000, 0x0000000100000000)
  eden space 22016K, 0% used [0x00000000d5580000,0x00000000d5580000,0x00000000d6b00000)
  from space 1024K, 85% used [0x00000000d6e80000,0x00000000d6f5a460,0x00000000d6f80000)
  to   space 1536K, 0% used [0x00000000d6c80000,0x00000000d6c80000,0x00000000d6e00000)
 ParOldGen       total 68608K, used 19034K [0x0000000080000000, 0x0000000084300000, 0x00000000d5580000)
  object space 68608K, 27% used [0x0000000080000000,0x0000000081296a68,0x0000000084300000)
 Metaspace       used 37980K, committed 39104K, reserved 1114112K
  class space    used 4006K, committed 4480K, reserved 1048576K
}
Event: 11.923 GC heap before
{Heap before GC invocations=17 (full 2):
 PSYoungGen      total 23040K, used 22889K [0x00000000d5580000, 0x00000000d6f80000, 0x0000000100000000)
  eden space 22016K, 100% used [0x00000000d5580000,0x00000000d6b00000,0x00000000d6b00000)
  from space 1024K, 85% used [0x00000000d6e80000,0x00000000d6f5a460,0x00000000d6f80000)
  to   space 1536K, 0% used [0x00000000d6c80000,0x00000000d6c80000,0x00000000d6e00000)
 ParOldGen       total 68608K, used 19034K [0x0000000080000000, 0x0000000084300000, 0x00000000d5580000)
  object space 68608K, 27% used [0x0000000080000000,0x0000000081296a68,0x0000000084300000)
 Metaspace       used 39811K, committed 40832K, reserved 1114112K
  class space    used 4229K, committed 4672K, reserved 1048576K
}
Event: 11.925 GC heap after
{Heap after GC invocations=17 (full 2):
 PSYoungGen      total 23552K, used 800K [0x00000000d5580000, 0x00000000d6f00000, 0x0000000100000000)
  eden space 22016K, 0% used [0x00000000d5580000,0x00000000d5580000,0x00000000d6b00000)
  from space 1536K, 52% used [0x00000000d6c80000,0x00000000d6d48000,0x00000000d6e00000)
  to   space 1024K, 0% used [0x00000000d6e00000,0x00000000d6e00000,0x00000000d6f00000)
 ParOldGen       total 68608K, used 19781K [0x0000000080000000, 0x0000000084300000, 0x00000000d5580000)
  object space 68608K, 28% used [0x0000000080000000,0x00000000813515c0,0x0000000084300000)
 Metaspace       used 39811K, committed 40832K, reserved 1114112K
  class space    used 4229K, committed 4672K, reserved 1048576K
}

Dll operation events (14 events):
Event: 0.019 Loaded shared library c:\Users\user\.vscode\extensions\redhat.java-1.50.0-win32-x64\jre\21.0.9-win32-x86_64\bin\java.dll
Event: 0.092 Loaded shared library c:\Users\user\.vscode\extensions\redhat.java-1.50.0-win32-x64\jre\21.0.9-win32-x86_64\bin\zip.dll
Event: 0.113 Loaded shared library C:\Users\user\.vscode\extensions\redhat.java-1.50.0-win32-x64\jre\21.0.9-win32-x86_64\bin\instrument.dll
Event: 0.117 Loaded shared library C:\Users\user\.vscode\extensions\redhat.java-1.50.0-win32-x64\jre\21.0.9-win32-x86_64\bin\net.dll
Event: 0.119 Loaded shared library C:\Users\user\.vscode\extensions\redhat.java-1.50.0-win32-x64\jre\21.0.9-win32-x86_64\bin\nio.dll
Event: 0.122 Loaded shared library C:\Users\user\.vscode\extensions\redhat.java-1.50.0-win32-x64\jre\21.0.9-win32-x86_64\bin\zip.dll
Event: 0.138 Loaded shared library C:\Users\user\.vscode\extensions\redhat.java-1.50.0-win32-x64\jre\21.0.9-win32-x86_64\bin\jimage.dll
Event: 0.222 Loaded shared library c:\Users\user\.vscode\extensions\redhat.java-1.50.0-win32-x64\jre\21.0.9-win32-x86_64\bin\verify.dll
Event: 1.759 Loaded shared library C:\Users\user\AppData\Roaming\Code\User\globalStorage\redhat.java\1.50.0\config_win\org.eclipse.equinox.launcher\org.eclipse.equinox.launcher.win32.win32.x86_64_1.2.1400.v20250801-0854\eclipse_11916.dll
Event: 4.571 Loaded shared library C:\Users\user\.vscode\extensions\redhat.java-1.50.0-win32-x64\jre\21.0.9-win32-x86_64\bin\management.dll
Event: 4.573 Loaded shared library C:\Users\user\.vscode\extensions\redhat.java-1.50.0-win32-x64\jre\21.0.9-win32-x86_64\bin\management_ext.dll
Event: 10.113 Loaded shared library C:\Users\user\AppData\Local\Temp\jna-3599307\jna3731317910413983369.dll
Event: 10.460 Loaded shared library C:\Users\user\.vscode\extensions\redhat.java-1.50.0-win32-x64\jre\21.0.9-win32-x86_64\bin\sunmscapi.dll
Event: 10.552 Loaded shared library C:\Users\user\.vscode\extensions\redhat.java-1.50.0-win32-x64\jre\21.0.9-win32-x86_64\bin\extnet.dll

Deoptimization events (20 events):
Event: 11.895 Thread 0x00000214e68a2b30 DEOPT PACKING pc=0x00000214d43f0964 sp=0x00000021e6ffe140
Event: 11.895 Thread 0x00000214e68a2b30 DEOPT UNPACKING pc=0x00000214d3dd3aa2 sp=0x00000021e6ffdfd8 mode 2
Event: 11.895 Thread 0x00000214e68a2b30 Uncommon trap: trap_request=0xffffff45 fr.pc=0x00000214d432a0cc relative=0x00000000000000ac
Event: 11.895 Thread 0x00000214e68a2b30 Uncommon trap: reason=unstable_if action=reinterpret pc=0x00000214d432a0cc method=java.lang.String.isLatin1()Z @ 10 c2
Event: 11.895 Thread 0x00000214e68a2b30 DEOPT PACKING pc=0x00000214d432a0cc sp=0x00000021e6ffe550
Event: 11.895 Thread 0x00000214e68a2b30 DEOPT UNPACKING pc=0x00000214d3dd3aa2 sp=0x00000021e6ffe488 mode 2
Event: 11.916 Thread 0x00000214e68a2b30 Uncommon trap: trap_request=0xffffff45 fr.pc=0x00000214d446ef70 relative=0x00000000000000d0
Event: 11.916 Thread 0x00000214e68a2b30 Uncommon trap: reason=unstable_if action=reinterpret pc=0x00000214d446ef70 method=java.lang.invoke.VarHandle.accessModeType(I)Ljava/lang/invoke/MethodType; @ 26 c2
Event: 11.916 Thread 0x00000214e68a2b30 DEOPT PACKING pc=0x00000214d446ef70 sp=0x00000021e6ffdd70
Event: 11.916 Thread 0x00000214e68a2b30 DEOPT UNPACKING pc=0x00000214d3dd3aa2 sp=0x00000021e6ffdca8 mode 2
Event: 11.918 Thread 0x00000214e68a4570 DEOPT PACKING pc=0x00000214cc88c6d3 sp=0x00000021e75fdb00
Event: 11.918 Thread 0x00000214e68a4570 DEOPT UNPACKING pc=0x00000214d3dd4242 sp=0x00000021e75fcf70 mode 0
Event: 14.074 Thread 0x00000214e68a2b30 Uncommon trap: trap_request=0xffffff6e fr.pc=0x00000214d4440740 relative=0x00000000000001a0
Event: 14.074 Thread 0x00000214e68a2b30 Uncommon trap: reason=loop_limit_check action=maybe_recompile pc=0x00000214d4440740 method=java.lang.StringLatin1.lastIndexOf([BII)I @ 19 c2
Event: 14.074 Thread 0x00000214e68a2b30 DEOPT PACKING pc=0x00000214d4440740 sp=0x00000021e6ffe260
Event: 14.074 Thread 0x00000214e68a2b30 DEOPT UNPACKING pc=0x00000214d3dd3aa2 sp=0x00000021e6ffe188 mode 2
Event: 14.074 Thread 0x00000214e68a2b30 Uncommon trap: trap_request=0xffffff6e fr.pc=0x00000214d4358d94 relative=0x0000000000000174
Event: 14.074 Thread 0x00000214e68a2b30 Uncommon trap: reason=loop_limit_check action=maybe_recompile pc=0x00000214d4358d94 method=java.lang.StringLatin1.lastIndexOf([BII)I @ 19 c2
Event: 14.074 Thread 0x00000214e68a2b30 DEOPT PACKING pc=0x00000214d4358d94 sp=0x00000021e6ffe1f0
Event: 14.074 Thread 0x00000214e68a2b30 DEOPT UNPACKING pc=0x00000214d3dd3aa2 sp=0x00000021e6ffe188 mode 2

Classes loaded (20 events):
Event: 14.092 Loading class javax/crypto/KeyAgreementSpi
Event: 14.092 Loading class javax/crypto/KeyAgreementSpi done
Event: 14.092 Loading class javax/crypto/ShortBufferException
Event: 14.092 Loading class javax/crypto/ShortBufferException done
Event: 14.095 Loading class javax/crypto/spec/SecretKeySpec
Event: 14.095 Loading class javax/crypto/spec/SecretKeySpec done
Event: 14.096 Loading class jdk/internal/access/JavaxCryptoSpecAccess
Event: 14.096 Loading class jdk/internal/access/JavaxCryptoSpecAccess done
Event: 14.096 Loading class sun/security/ssl/SSLMasterKeyDerivation
Event: 14.096 Loading class sun/security/ssl/SSLKeyDerivationGenerator
Event: 14.096 Loading class sun/security/ssl/SSLKeyDerivationGenerator done
Event: 14.096 Loading class sun/security/ssl/SSLMasterKeyDerivation done
Event: 14.096 Loading class sun/security/ssl/SSLMasterKeyDerivation$1
Event: 14.096 Loading class sun/security/ssl/SSLMasterKeyDerivation$1 done
Event: 14.097 Loading class sun/security/ssl/SSLMasterKeyDerivation$LegacyMasterKeyDerivation
Event: 14.097 Loading class sun/security/ssl/SSLMasterKeyDerivation$LegacyMasterKeyDerivation done
Event: 14.097 Loading class sun/security/internal/spec/TlsMasterSecretParameterSpec
Event: 14.097 Loading class sun/security/internal/spec/TlsMasterSecretParameterSpec done
Event: 14.098 Loading class com/sun/crypto/provider/TlsPrfGenerator
Event: 14.098 Loading class com/sun/crypto/provider/TlsPrfGenerator done

Classes unloaded (7 events):
Event: 9.471 Thread 0x00000214c95a29f0 Unloading class 0x00000214811b1000 'java/lang/invoke/LambdaForm$MH+0x00000214811b1000'
Event: 9.471 Thread 0x00000214c95a29f0 Unloading class 0x00000214811b0c00 'java/lang/invoke/LambdaForm$MH+0x00000214811b0c00'
Event: 9.471 Thread 0x00000214c95a29f0 Unloading class 0x00000214811b0800 'java/lang/invoke/LambdaForm$MH+0x00000214811b0800'
Event: 9.471 Thread 0x00000214c95a29f0 Unloading class 0x00000214811b0400 'java/lang/invoke/LambdaForm$MH+0x00000214811b0400'
Event: 9.471 Thread 0x00000214c95a29f0 Unloading class 0x00000214811b0000 'java/lang/invoke/LambdaForm$BMH+0x00000214811b0000'
Event: 9.471 Thread 0x00000214c95a29f0 Unloading class 0x00000214811afc00 'java/lang/invoke/LambdaForm$DMH+0x00000214811afc00'
Event: 9.471 Thread 0x00000214c95a29f0 Unloading class 0x00000214811ae800 'java/lang/invoke/LambdaForm$DMH+0x00000214811ae800'

Classes redefined (0 events):
No events

Internal exceptions (20 events):
Event: 10.267 Thread 0x00000214c72680a0 Exception <a 'java/lang/NoSuchMethodError'{0x00000000d615ca60}: 'java.lang.Object java.lang.invoke.DirectMethodHandle$Holder.newInvokeSpecial(java.lang.Object, long)'> (0x00000000d615ca60) 
thrown [s\src\hotspot\share\interpreter\linkResolver.cpp, line 773]
Event: 10.294 Thread 0x00000214e68a4570 Exception <a 'java/lang/NoSuchMethodError'{0x00000000d647b1d8}: 'java.lang.Object java.lang.invoke.DirectMethodHandle$Holder.invokeStaticInit(java.lang.Object, java.lang.Object, java.lang.Object, java.lang.Object, java.lang.Object, java.lang.Object, java.lang.Object)'> (0x00000000d647b1d8) 
thrown [s\src\hotspot\share\interpreter\linkResolver.cpp, line 773]
Event: 10.294 Thread 0x00000214e68a4570 Exception <a 'java/lang/NoSuchMethodError'{0x00000000d6485db0}: 'java.lang.Object java.lang.invoke.Invokers$Holder.invoke_MT(java.lang.Object, java.lang.Object, java.lang.Object, java.lang.Object, java.lang.Object, java.lang.Object, java.lang.Object, java.lang.Object, java.lang.Object)'> (0x00000000d6485db0) 
thrown [s\src\hotspot\share\interpreter\linkResolver.cpp, line 773]
Event: 10.299 Thread 0x00000214e68a4570 Exception <a 'java/lang/NoSuchMethodError'{0x00000000d64d7cd0}: 'int java.lang.invoke.DirectMethodHandle$Holder.invokeVirtual(java.lang.Object, java.lang.Object, java.lang.Object)'> (0x00000000d64d7cd0) 
thrown [s\src\hotspot\share\interpreter\linkResolver.cpp, line 773]
Event: 10.300 Thread 0x00000214e68a4570 Exception <a 'java/lang/NoSuchMethodError'{0x00000000d64dbc78}: 'int java.lang.invoke.DirectMethodHandle$Holder.invokeStaticInit(java.lang.Object, int, int)'> (0x00000000d64dbc78) 
thrown [s\src\hotspot\share\interpreter\linkResolver.cpp, line 773]
Event: 10.300 Thread 0x00000214e68a4570 Exception <a 'java/lang/NoSuchMethodError'{0x00000000d64e2fe0}: 'int java.lang.invoke.DirectMethodHandle$Holder.invokeStaticInit(java.lang.Object, long, long)'> (0x00000000d64e2fe0) 
thrown [s\src\hotspot\share\interpreter\linkResolver.cpp, line 773]
Event: 10.301 Thread 0x00000214e68a4570 Exception <a 'java/lang/NoSuchMethodError'{0x00000000d651caa8}: 'int java.lang.invoke.DirectMethodHandle$Holder.invokeStaticInit(java.lang.Object, float, float)'> (0x00000000d651caa8) 
thrown [s\src\hotspot\share\interpreter\linkResolver.cpp, line 773]
Event: 10.301 Thread 0x00000214e68a4570 Exception <a 'java/lang/NoSuchMethodError'{0x00000000d6523438}: 'int java.lang.invoke.DirectMethodHandle$Holder.invokeStaticInit(java.lang.Object, double, double)'> (0x00000000d6523438) 
thrown [s\src\hotspot\share\interpreter\linkResolver.cpp, line 773]
Event: 10.301 Thread 0x00000214e68a4570 Exception <a 'java/lang/NoSuchMethodError'{0x00000000d6527830}: 'int java.lang.invoke.DirectMethodHandle$Holder.invokeStatic(java.lang.Object, long)'> (0x00000000d6527830) 
thrown [s\src\hotspot\share\interpreter\linkResolver.cpp, line 773]
Event: 10.303 Thread 0x00000214e68a4570 Exception <a 'java/lang/NoSuchMethodError'{0x00000000d6559268}: 'int java.lang.invoke.DirectMethodHandle$Holder.invokeSpecial(java.lang.Object, java.lang.Object, int, int)'> (0x00000000d6559268) 
thrown [s\src\hotspot\share\interpreter\linkResolver.cpp, line 773]
Event: 10.304 Thread 0x00000214e68a4570 Exception <a 'java/lang/NoSuchMethodError'{0x00000000d657ba18}: 'int java.lang.invoke.Invokers$Holder.linkToTargetMethod(java.lang.Object, java.lang.Object)'> (0x00000000d657ba18) 
thrown [s\src\hotspot\share\interpreter\linkResolver.cpp, line 773]
Event: 10.358 Thread 0x00000214e68a4570 Exception <a 'java/lang/NoSuchMethodError'{0x00000000d58235c0}: 'java.lang.Object java.lang.invoke.DirectMethodHandle$Holder.invokeSpecialIFC(java.lang.Object, java.lang.Object, java.lang.Object, java.lang.Object)'> (0x00000000d58235c0) 
thrown [s\src\hotspot\share\interpreter\linkResolver.cpp, line 773]
Event: 10.415 Thread 0x00000214e68a24a0 Exception <a 'java/lang/NoSuchMethodError'{0x00000000d60a8318}: 'int java.lang.invoke.DirectMethodHandle$Holder.invokeSpecial(java.lang.Object, java.lang.Object, java.lang.Object, java.lang.Object)'> (0x00000000d60a8318) 
thrown [s\src\hotspot\share\interpreter\linkResolver.cpp, line 773]
Event: 10.417 Thread 0x00000214e68a24a0 Exception <a 'java/lang/NoSuchMethodError'{0x00000000d60fe070}: 'java.lang.Object java.lang.invoke.DirectMethodHandle$Holder.invokeStatic(java.lang.Object, int, java.lang.Object, java.lang.Object)'> (0x00000000d60fe070) 
thrown [s\src\hotspot\share\interpreter\linkResolver.cpp, line 773]
Event: 10.417 Thread 0x00000214e68a24a0 Exception <a 'java/lang/NoSuchMethodError'{0x00000000d612db18}: 'java.lang.Object java.lang.invoke.DelegatingMethodHandle$Holder.delegate(java.lang.Object, int, java.lang.Object, java.lang.Object)'> (0x00000000d612db18) 
thrown [s\src\hotspot\share\interpreter\linkResolver.cpp, line 773]
Event: 10.419 Thread 0x00000214e68a24a0 Exception <a 'java/lang/NoSuchMethodError'{0x00000000d6177c58}: 'int java.lang.invoke.Invokers$Holder.linkToTargetMethod(java.lang.Object, java.lang.Object, java.lang.Object)'> (0x00000000d6177c58) 
thrown [s\src\hotspot\share\interpreter\linkResolver.cpp, line 773]
Event: 10.605 Thread 0x00000214c72680a0 Exception <a 'java/lang/NoSuchMethodError'{0x00000000d65fc490}: 'void java.lang.invoke.DirectMethodHandle$Holder.invokeSpecial(java.lang.Object, java.lang.Object, java.lang.Object, java.lang.Object, java.lang.Object, java.lang.Object)'> (0x00000000d65fc490) 
thrown [s\src\hotspot\share\interpreter\linkResolver.cpp, line 773]
Event: 10.607 Thread 0x00000214c72680a0 Exception <a 'java/lang/IncompatibleClassChangeError'{0x00000000d6636260}: Found class java.lang.Object, but interface was expected> (0x00000000d6636260) 
thrown [s\src\hotspot\share\interpreter\linkResolver.cpp, line 840]
Event: 10.607 Thread 0x00000214c72680a0 Exception <a 'java/lang/IncompatibleClassChangeError'{0x00000000d6637fa8}: Found class java.lang.Object, but interface was expected> (0x00000000d6637fa8) 
thrown [s\src\hotspot\share\interpreter\linkResolver.cpp, line 840]
Event: 10.700 Thread 0x00000214e68a4570 Exception <a 'java/lang/NoClassDefFoundError'{0x00000000d5a4ff40}: javax/enterprise/inject/Typed> (0x00000000d5a4ff40) 
thrown [s\src\hotspot\share\classfile\systemDictionary.cpp, line 301]

ZGC Phase Switch (0 events):
No events

VM Operations (20 events):
Event: 10.309 Executing VM operation: HandshakeAllThreads (Deoptimize) done
Event: 10.336 Executing VM operation: ParallelGCFailedAllocation (Allocation Failure)
Event: 10.339 Executing VM operation: ParallelGCFailedAllocation (Allocation Failure) done
Event: 10.477 Executing VM operation: CollectForMetadataAllocation (Metadata GC Threshold)
Event: 10.505 Executing VM operation: CollectForMetadataAllocation (Metadata GC Threshold) done
Event: 10.526 Executing VM operation: HandshakeAllThreads (Deoptimize)
Event: 10.527 Executing VM operation: HandshakeAllThreads (Deoptimize) done
Event: 10.587 Executing VM operation: HandshakeAllThreads (Deoptimize)
Event: 10.588 Executing VM operation: HandshakeAllThreads (Deoptimize) done
Event: 10.633 Executing VM operation: ParallelGCFailedAllocation (Allocation Failure)
Event: 10.635 Executing VM operation: ParallelGCFailedAllocation (Allocation Failure) done
Event: 10.692 Executing VM operation: HandshakeAllThreads (Deoptimize)
Event: 10.692 Executing VM operation: HandshakeAllThreads (Deoptimize) done
Event: 11.698 Executing VM operation: Cleanup
Event: 11.846 Executing VM operation: Cleanup done
Event: 11.923 Executing VM operation: ParallelGCFailedAllocation (Allocation Failure)
Event: 11.925 Executing VM operation: ParallelGCFailedAllocation (Allocation Failure) done
Event: 12.929 Executing VM operation: Cleanup
Event: 13.993 Executing VM operation: Cleanup done
Event: 14.996 Executing VM operation: Cleanup

Memory protections (0 events):
No events

Nmethod flushes (20 events):
Event: 10.493 Thread 0x00000214c95a29f0 flushing  nmethod 0x00000214cceab710
Event: 10.493 Thread 0x00000214c95a29f0 flushing  nmethod 0x00000214cceac010
Event: 10.493 Thread 0x00000214c95a29f0 flushing  nmethod 0x00000214ccead090
Event: 10.493 Thread 0x00000214c95a29f0 flushing  nmethod 0x00000214ccead990
Event: 10.493 Thread 0x00000214c95a29f0 flushing  nmethod 0x00000214cceaeb90
Event: 10.493 Thread 0x00000214c95a29f0 flushing  nmethod 0x00000214cceb0b10
Event: 10.493 Thread 0x00000214c95a29f0 flushing  nmethod 0x00000214cceb1290
Event: 10.493 Thread 0x00000214c95a29f0 flushing  nmethod 0x00000214cceb3790
Event: 10.493 Thread 0x00000214c95a29f0 flushing  nmethod 0x00000214cceb4090
Event: 10.493 Thread 0x00000214c95a29f0 flushing  nmethod 0x00000214cceb4d90
Event: 10.493 Thread 0x00000214c95a29f0 flushing  nmethod 0x00000214cceb5f90
Event: 10.493 Thread 0x00000214c95a29f0 flushing  nmethod 0x00000214cceb6290
Event: 10.493 Thread 0x00000214c95a29f0 flushing  nmethod 0x00000214ccebf290
Event: 10.493 Thread 0x00000214c95a29f0 flushing  nmethod 0x00000214ccebf790
Event: 10.493 Thread 0x00000214c95a29f0 flushing  nmethod 0x00000214ccedb690
Event: 10.493 Thread 0x00000214c95a29f0 flushing  nmethod 0x00000214ccee8290
Event: 10.493 Thread 0x00000214c95a29f0 flushing  nmethod 0x00000214cceee110
Event: 10.493 Thread 0x00000214c95a29f0 flushing  nmethod 0x00000214ccef2990
Event: 10.493 Thread 0x00000214c95a29f0 flushing  nmethod 0x00000214ccf57990
Event: 10.493 Thread 0x00000214c95a29f0 flushing  nmethod 0x00000214ccfb9690

Events (20 events):
Event: 8.744 Thread 0x00000214e1ac7f00 Thread added: 0x00000214e68a31c0
Event: 9.585 Thread 0x00000214e68a31c0 Thread added: 0x00000214e68a2b30
Event: 9.839 Thread 0x00000214e1ac7f00 Thread added: 0x00000214e68a3850
Event: 10.132 Thread 0x00000214e1ac7f00 Thread added: 0x00000214e68a3ee0
Event: 10.244 Thread 0x00000214e68a24a0 Thread added: 0x00000214e68a4570
Event: 10.276 Thread 0x00000214c72680a0 Thread added: 0x00000214e68a4c00
Event: 10.276 Thread 0x00000214c72680a0 Thread added: 0x00000214e68a1780
Event: 10.276 Thread 0x00000214c72680a0 Thread added: 0x00000214e68a5290
Event: 10.277 Thread 0x00000214c72680a0 Thread added: 0x00000214e68a8710
Event: 10.277 Thread 0x00000214c72680a0 Thread added: 0x00000214e68a7360
Event: 10.277 Thread 0x00000214c72680a0 Thread added: 0x00000214e68a79f0
Event: 10.277 Thread 0x00000214c72680a0 Thread added: 0x00000214e68a6640
Event: 10.277 Thread 0x00000214c72680a0 Thread added: 0x00000214e68a8080
Event: 10.278 Thread 0x00000214c72680a0 Thread added: 0x00000214e68a8da0
Event: 10.304 Thread 0x00000214c72680a0 Thread added: 0x00000214e68a5920
Event: 10.344 Thread 0x00000214c95ed2f0 Thread added: 0x00000214e8cce200
Event: 10.414 Thread 0x00000214e68a24a0 Thread added: 0x00000214e68a5fb0
Event: 10.635 Thread 0x00000214c72680a0 Thread added: 0x00000214e68a6cd0
Event: 10.636 Thread 0x00000214c72680a0 Thread added: 0x00000214e814a290
Event: 10.636 Thread 0x00000214e68a5fb0 Thread added: 0x00000214e814c360


Dynamic libraries:
0x00007ff7115b0000 - 0x00007ff7115be000 	c:\Users\user\.vscode\extensions\redhat.java-1.50.0-win32-x64\jre\21.0.9-win32-x86_64\bin\java.exe
0x00007ffa61dc0000 - 0x00007ffa62027000 	C:\WINDOWS\SYSTEM32\ntdll.dll
0x00007ffa60f50000 - 0x00007ffa61019000 	C:\WINDOWS\System32\KERNEL32.DLL
0x00007ffa5f760000 - 0x00007ffa5fb4f000 	C:\WINDOWS\System32\KERNELBASE.dll
0x00007ffa5f4d0000 - 0x00007ffa5f61b000 	C:\WINDOWS\System32\ucrtbase.dll
0x00007ffa479f0000 - 0x00007ffa47a0e000 	c:\Users\user\.vscode\extensions\redhat.java-1.50.0-win32-x64\jre\21.0.9-win32-x86_64\bin\VCRUNTIME140.dll
0x00007ffa49440000 - 0x00007ffa49458000 	c:\Users\user\.vscode\extensions\redhat.java-1.50.0-win32-x64\jre\21.0.9-win32-x86_64\bin\jli.dll
0x00007ffa61bb0000 - 0x00007ffa61d75000 	C:\WINDOWS\System32\USER32.dll
0x00007ffa5f1f0000 - 0x00007ffa5f217000 	C:\WINDOWS\System32\win32u.dll
0x00007ffa2ead0000 - 0x00007ffa2ed63000 	C:\WINDOWS\WinSxS\amd64_microsoft.windows.common-controls_6595b64144ccf1df_6.0.26100.7309_none_3e05feeae336a044\COMCTL32.dll
0x00007ffa60b90000 - 0x00007ffa60bbb000 	C:\WINDOWS\System32\GDI32.dll
0x00007ffa60240000 - 0x00007ffa602e9000 	C:\WINDOWS\System32\msvcrt.dll
0x00007ffa5f3a0000 - 0x00007ffa5f4cc000 	C:\WINDOWS\System32\gdi32full.dll
0x00007ffa5f6b0000 - 0x00007ffa5f753000 	C:\WINDOWS\System32\msvcp_win.dll
0x00007ffa61280000 - 0x00007ffa612b1000 	C:\WINDOWS\System32\IMM32.DLL
0x00007ffa57bc0000 - 0x00007ffa57bcc000 	c:\Users\user\.vscode\extensions\redhat.java-1.50.0-win32-x64\jre\21.0.9-win32-x86_64\bin\vcruntime140_1.dll
0x00007ffa394b0000 - 0x00007ffa3953d000 	c:\Users\user\.vscode\extensions\redhat.java-1.50.0-win32-x64\jre\21.0.9-win32-x86_64\bin\msvcp140.dll
0x00007ff9b2610000 - 0x00007ff9b33b0000 	c:\Users\user\.vscode\extensions\redhat.java-1.50.0-win32-x64\jre\21.0.9-win32-x86_64\bin\server\jvm.dll
0x00007ffa5ff00000 - 0x00007ffa5ffb4000 	C:\WINDOWS\System32\ADVAPI32.dll
0x00007ffa5fb60000 - 0x00007ffa5fc06000 	C:\WINDOWS\System32\sechost.dll
0x00007ffa60040000 - 0x00007ffa60158000 	C:\WINDOWS\System32\RPCRT4.dll
0x00007ffa60ab0000 - 0x00007ffa60b24000 	C:\WINDOWS\System32\WS2_32.dll
0x00007ffa5ed70000 - 0x00007ffa5edce000 	C:\WINDOWS\SYSTEM32\POWRPROF.dll
0x00007ffa45520000 - 0x00007ffa45555000 	C:\WINDOWS\SYSTEM32\WINMM.dll
0x00007ffa4c5f0000 - 0x00007ffa4c5fb000 	C:\WINDOWS\SYSTEM32\VERSION.dll
0x00007ffa5ed50000 - 0x00007ffa5ed64000 	C:\WINDOWS\SYSTEM32\UMPDC.dll
0x00007ffa5dc80000 - 0x00007ffa5dc9b000 	C:\WINDOWS\SYSTEM32\kernel.appcore.dll
0x00007ffa49030000 - 0x00007ffa4903a000 	c:\Users\user\.vscode\extensions\redhat.java-1.50.0-win32-x64\jre\21.0.9-win32-x86_64\bin\jimage.dll
0x00007ffa4d040000 - 0x00007ffa4d282000 	C:\WINDOWS\SYSTEM32\DBGHELP.DLL
0x00007ffa60bc0000 - 0x00007ffa60f45000 	C:\WINDOWS\System32\combase.dll
0x00007ffa60160000 - 0x00007ffa60236000 	C:\WINDOWS\System32\OLEAUT32.dll
0x00007ffa48b40000 - 0x00007ffa48b7c000 	C:\WINDOWS\SYSTEM32\dbgcore.DLL
0x00007ffa5ef10000 - 0x00007ffa5efb5000 	C:\WINDOWS\System32\bcryptPrimitives.dll
0x00007ffa48f80000 - 0x00007ffa48f8f000 	c:\Users\user\.vscode\extensions\redhat.java-1.50.0-win32-x64\jre\21.0.9-win32-x86_64\bin\instrument.dll
0x00007ffa3e210000 - 0x00007ffa3e230000 	c:\Users\user\.vscode\extensions\redhat.java-1.50.0-win32-x64\jre\21.0.9-win32-x86_64\bin\java.dll
0x00007ffa60350000 - 0x00007ffa60aa3000 	C:\WINDOWS\System32\SHELL32.dll
0x00007ffa5f080000 - 0x00007ffa5f1ea000 	C:\WINDOWS\System32\wintypes.dll
0x00007ffa5caf0000 - 0x00007ffa5d34e000 	C:\WINDOWS\SYSTEM32\windows.storage.dll
0x00007ffa5fc10000 - 0x00007ffa5fd05000 	C:\WINDOWS\System32\SHCORE.dll
0x00007ffa5ffc0000 - 0x00007ffa60026000 	C:\WINDOWS\System32\shlwapi.dll
0x00007ffa5ee30000 - 0x00007ffa5ee59000 	C:\WINDOWS\SYSTEM32\profapi.dll
0x00007ffa3e1f0000 - 0x00007ffa3e208000 	c:\Users\user\.vscode\extensions\redhat.java-1.50.0-win32-x64\jre\21.0.9-win32-x86_64\bin\zip.dll
0x00007ffa48eb0000 - 0x00007ffa48ec0000 	C:\Users\user\.vscode\extensions\redhat.java-1.50.0-win32-x64\jre\21.0.9-win32-x86_64\bin\net.dll
0x00007ffa57150000 - 0x00007ffa57278000 	C:\WINDOWS\SYSTEM32\WINHTTP.dll
0x00007ffa5e1d0000 - 0x00007ffa5e23b000 	C:\WINDOWS\system32\mswsock.dll
0x00007ffa3bb40000 - 0x00007ffa3bb56000 	C:\Users\user\.vscode\extensions\redhat.java-1.50.0-win32-x64\jre\21.0.9-win32-x86_64\bin\nio.dll
0x00007ffa44940000 - 0x00007ffa44950000 	c:\Users\user\.vscode\extensions\redhat.java-1.50.0-win32-x64\jre\21.0.9-win32-x86_64\bin\verify.dll
0x00007ffa31270000 - 0x00007ffa312b4000 	C:\Users\user\AppData\Roaming\Code\User\globalStorage\redhat.java\1.50.0\config_win\org.eclipse.equinox.launcher\org.eclipse.equinox.launcher.win32.win32.x86_64_1.2.1400.v20250801-0854\eclipse_11916.dll
0x00007ffa61020000 - 0x00007ffa611b7000 	C:\WINDOWS\System32\ole32.dll
0x00007ffa41590000 - 0x00007ffa4159a000 	C:\Users\user\.vscode\extensions\redhat.java-1.50.0-win32-x64\jre\21.0.9-win32-x86_64\bin\management.dll
0x00007ffa3edf0000 - 0x00007ffa3edfc000 	C:\Users\user\.vscode\extensions\redhat.java-1.50.0-win32-x64\jre\21.0.9-win32-x86_64\bin\management_ext.dll
0x00007ffa612c0000 - 0x00007ffa612c8000 	C:\WINDOWS\System32\PSAPI.DLL
0x00007ffa5e5c0000 - 0x00007ffa5e5db000 	C:\WINDOWS\SYSTEM32\CRYPTSP.dll
0x00007ffa5dbe0000 - 0x00007ffa5dc1a000 	C:\WINDOWS\system32\rsaenh.dll
0x00007ffa5e280000 - 0x00007ffa5e2ab000 	C:\WINDOWS\SYSTEM32\USERENV.dll
0x00007ffa5ee00000 - 0x00007ffa5ee2a000 	C:\WINDOWS\SYSTEM32\bcrypt.dll
0x00007ffa5e420000 - 0x00007ffa5e42c000 	C:\WINDOWS\SYSTEM32\CRYPTBASE.dll
0x00007ffa5d670000 - 0x00007ffa5d6a4000 	C:\WINDOWS\SYSTEM32\IPHLPAPI.DLL
0x00007ffa619c0000 - 0x00007ffa619ca000 	C:\WINDOWS\System32\NSI.dll
0x00007ffa4a740000 - 0x00007ffa4a789000 	C:\Users\user\AppData\Local\Temp\jna-3599307\jna3731317910413983369.dll
0x00007ffa57590000 - 0x00007ffa575ae000 	C:\WINDOWS\SYSTEM32\dhcpcsvc6.DLL
0x00007ffa57460000 - 0x00007ffa57483000 	C:\WINDOWS\SYSTEM32\dhcpcsvc.DLL
0x00007ffa57730000 - 0x00007ffa5773e000 	C:\Users\user\.vscode\extensions\redhat.java-1.50.0-win32-x64\jre\21.0.9-win32-x86_64\bin\sunmscapi.dll
0x00007ffa5f220000 - 0x00007ffa5f397000 	C:\WINDOWS\System32\CRYPT32.dll
0x00007ffa5e710000 - 0x00007ffa5e740000 	C:\WINDOWS\SYSTEM32\ncrypt.dll
0x00007ffa5e6c0000 - 0x00007ffa5e6ff000 	C:\WINDOWS\SYSTEM32\NTASN1.dll
0x00007ffa5d760000 - 0x00007ffa5d88c000 	C:\WINDOWS\SYSTEM32\DNSAPI.dll
0x00007ffa51d60000 - 0x00007ffa51d6b000 	C:\Windows\System32\rasadhlp.dll
0x00007ffa51f70000 - 0x00007ffa51ff6000 	C:\WINDOWS\System32\fwpuclnt.dll
0x00007ffa532f0000 - 0x00007ffa532f9000 	C:\Users\user\.vscode\extensions\redhat.java-1.50.0-win32-x64\jre\21.0.9-win32-x86_64\bin\extnet.dll

JVMTI agents:
c:\Users\user\.vscode\extensions\redhat.java-1.50.0-win32-x64\lombok\lombok-1.18.39-4050.jar path:c:\Users\user\.vscode\extensions\redhat.java-1.50.0-win32-x64\jre\21.0.9-win32-x86_64\bin\instrument.dll, loaded, initialized, instrumentlib options:none

dbghelp: loaded successfully - version: 4.0.5 - missing functions: none
symbol engine: initialized successfully - sym options: 0x614 - pdb path: .;c:\Users\user\.vscode\extensions\redhat.java-1.50.0-win32-x64\jre\21.0.9-win32-x86_64\bin;C:\WINDOWS\SYSTEM32;C:\WINDOWS\WinSxS\amd64_microsoft.windows.common-controls_6595b64144ccf1df_6.0.26100.7309_none_3e05feeae336a044;c:\Users\user\.vscode\extensions\redhat.java-1.50.0-win32-x64\jre\21.0.9-win32-x86_64\bin\server;C:\Users\user\AppData\Roaming\Code\User\globalStorage\redhat.java\1.50.0\config_win\org.eclipse.equinox.launcher\org.eclipse.equinox.launcher.win32.win32.x86_64_1.2.1400.v20250801-0854;C:\Users\user\AppData\Local\Temp\jna-3599307

VM Arguments:
jvm_args: --add-modules=ALL-SYSTEM --add-opens=java.base/java.util=ALL-UNNAMED --add-opens=java.base/java.lang=ALL-UNNAMED --add-opens=java.base/sun.nio.fs=ALL-UNNAMED -Declipse.application=org.eclipse.jdt.ls.core.id1 -Dosgi.bundles.defaultStartLevel=4 -Declipse.product=org.eclipse.jdt.ls.core.product -Djava.import.generatesMetadataFilesAtProjectRoot=false -DDetectVMInstallationsJob.disabled=true -Dfile.encoding=utf8 -XX:+UseParallelGC -XX:GCTimeRatio=4 -XX:AdaptiveSizePolicyWeight=90 -Dsun.zip.disableMemoryMapping=true -Xmx2G -Xms100m -Xlog:disable -javaagent:c:\Users\user\.vscode\extensions\redhat.java-1.50.0-win32-x64\lombok\lombok-1.18.39-4050.jar -XX:+HeapDumpOnOutOfMemoryError -XX:HeapDumpPath=c:\Users\user\AppData\Roaming\Code\User\workspaceStorage\6b4ac8abc7a81a5612fff3f570660cc2\redhat.java -Daether.dependencyCollector.impl=bf 
java_command: c:\Users\user\.vscode\extensions\redhat.java-1.50.0-win32-x64\server\plugins\org.eclipse.equinox.launcher_1.7.100.v20251111-0406.jar -configuration c:\Users\user\AppData\Roaming\Code\User\globalStorage\redhat.java\1.50.0\config_win -data c:\Users\user\AppData\Roaming\Code\User\workspaceStorage\6b4ac8abc7a81a5612fff3f570660cc2\redhat.java\jdt_ws --pipe=\\.\pipe\lsp-893f89144bbc3e16808d3533e592d414-sock
java_class_path (initial): c:\Users\user\.vscode\extensions\redhat.java-1.50.0-win32-x64\server\plugins\org.eclipse.equinox.launcher_1.7.100.v20251111-0406.jar
Launcher Type: SUN_STANDARD

[Global flags]
    uintx AdaptiveSizePolicyWeight                 = 90                                        {product} {command line}
     intx CICompilerCount                          = 4                                         {product} {ergonomic}
    uintx GCTimeRatio                              = 4                                         {product} {command line}
     bool HeapDumpOnOutOfMemoryError               = true                                   {manageable} {command line}
    ccstr HeapDumpPath                             = c:\Users\user\AppData\Roaming\Code\User\workspaceStorage\6b4ac8abc7a81a5612fff3f570660cc2\redhat.java         {manageable} {command line}
   size_t InitialHeapSize                          = 104857600                                 {product} {command line}
   size_t MaxHeapSize                              = 2147483648                                {product} {command line}
   size_t MaxNewSize                               = 715653120                                 {product} {ergonomic}
   size_t MinHeapDeltaBytes                        = 524288                                    {product} {ergonomic}
   size_t MinHeapSize                              = 104857600                                 {product} {command line}
   size_t NewSize                                  = 34603008                                  {product} {ergonomic}
    uintx NonNMethodCodeHeapSize                   = 5839372                                {pd product} {ergonomic}
    uintx NonProfiledCodeHeapSize                  = 122909434                              {pd product} {ergonomic}
   size_t OldSize                                  = 70254592                                  {product} {ergonomic}
    uintx ProfiledCodeHeapSize                     = 122909434                              {pd product} {ergonomic}
    uintx ReservedCodeCacheSize                    = 251658240                              {pd product} {ergonomic}
     bool SegmentedCodeCache                       = true                                      {product} {ergonomic}
   size_t SoftMaxHeapSize                          = 2147483648                             {manageable} {ergonomic}
     bool UseCompressedOops                        = true                           {product lp64_product} {ergonomic}
     bool UseLargePagesIndividualAllocation        = false                                  {pd product} {ergonomic}
     bool UseParallelGC                            = true                                      {product} {command line}

Logging:
Log output configuration:
 #0: stdout all=off uptime,level,tags foldmultilines=false
 #1: stderr all=off uptime,level,tags foldmultilines=false

Release file:
JAVA_VERSION="21.0.9" 
MODULES="java.base java.compiler java.datatransfer java.xml java.prefs java.desktop java.instrument java.logging java.management java.security.sasl java.naming java.rmi java.management.rmi java.net.http java.scripting java.security.jgss java.transaction.xa java.sql java.sql.rowset java.xml.crypto java.se java.smartcardio jdk.accessibility jdk.internal.jvmstat jdk.attach jdk.charsets jdk.internal.opt jdk.zipfs jdk.compiler jdk.crypto.ec jdk.crypto.cryptoki jdk.crypto.mscapi jdk.dynalink jdk.internal.ed jdk.editpad jdk.hotspot.agent jdk.httpserver jdk.internal.le jdk.internal.vm.ci jdk.internal.vm.compiler jdk.internal.vm.compiler.management jdk.jartool jdk.javadoc jdk.jcmd jdk.management jdk.management.agent jdk.jconsole jdk.jdeps jdk.jdwp.agent jdk.jdi jdk.jfr jdk.jshell jdk.jsobject jdk.jstatd jdk.localedata jdk.management.jfr jdk.naming.dns jdk.naming.rmi jdk.net jdk.nio.mapmode jdk.random jdk.sctp jdk.security.auth jdk.security.jgss jdk.unsupported jdk.unsupported.desktop jdk.xml.dom" 

Environment Variables:
PATH=C:\Program Files\Common Files\Oracle\Java\javapath;C:\WINDOWS\system32;C:\WINDOWS;C:\WINDOWS\System32\Wbem;C:\WINDOWS\System32\WindowsPowerShell\v1.0\;C:\WINDOWS\System32\OpenSSH\;C:\Program Files\Amazon\AWSCLIV2\;C:\Program Files\Amazon\SessionManagerPlugin\bin\;C:\Program Files\nodejs\;C:\Program Files\Git\cmd;C:\Users\user\AppData\Local\Microsoft\WindowsApps;C:\Users\user\AppData\Local\Programs\Microsoft VS Code\bin;C:\Users\user\AppData\Roaming\npm
USERNAME=user
OS=Windows_NT
PROCESSOR_IDENTIFIER=Intel64 Family 6 Model 142 Stepping 12, GenuineIntel
TMP=C:\Users\user\AppData\Local\Temp
TEMP=C:\Users\user\AppData\Local\Temp




Periodic native trim disabled

---------------  S Y S T E M  ---------------

OS:
 Windows 11 , 64 bit Build 26100 (10.0.26100.7309)
OS uptime: 18 days 11:37 hours
Hyper-V role detected

CPU: total 8 (initial active 8) (4 cores per cpu, 2 threads per core) family 6 model 142 stepping 12 microcode 0xea, cx8, cmov, fxsr, ht, mmx, 3dnowpref, sse, sse2, sse3, ssse3, sse4.1, sse4.2, popcnt, lzcnt, tsc, tscinvbit, avx, avx2, aes, erms, clmul, bmi1, bmi2, adx, fma, vzeroupper, clflush, clflushopt, hv, rdtscp, f16c
Processor Information for the first 8 processors :
  Max Mhz: 2112, Current Mhz: 1609, Mhz Limit: 1605

Memory: 4k page, system-wide physical 16205M (3406M free)
TotalPageFile size 20301M (AvailPageFile size 12M)
current process WorkingSet (physical memory assigned to process): 205M, peak: 221M
current process commit charge ("private bytes"): 322M, peak: 337M

vm_info: OpenJDK 64-Bit Server VM (21.0.9+10-LTS) for windows-amd64 JRE (21.0.9+10-LTS), built on 2025-10-21T00:00:00Z by "admin" with unknown MS VC++:1942

END.
